mode: set
github.com/sanmitM312/room-booking-app/cmd/web/routes.go:11.49,39.2 18 1
github.com/sanmitM312/room-booking-app/cmd/web/main.go:23.13,26.16 2 0
github.com/sanmitM312/room-booking-app/cmd/web/main.go:30.2,38.16 4 0
github.com/sanmitM312/room-booking-app/cmd/web/main.go:26.16,28.3 1 0
github.com/sanmitM312/room-booking-app/cmd/web/main.go:38.16,40.3 1 0
github.com/sanmitM312/room-booking-app/cmd/web/main.go:43.19,60.17 10 1
github.com/sanmitM312/room-booking-app/cmd/web/main.go:65.3,72.12 6 1
github.com/sanmitM312/room-booking-app/cmd/web/main.go:60.17,63.4 2 0
github.com/sanmitM312/room-booking-app/cmd/web/middleware.go:10.54,12.71 1 0
github.com/sanmitM312/room-booking-app/cmd/web/middleware.go:12.71,15.3 2 0
github.com/sanmitM312/room-booking-app/cmd/web/middleware.go:19.45,30.2 3 1
github.com/sanmitM312/room-booking-app/cmd/web/middleware.go:33.50,39.2 1 1
